[Modules] Modules initializing
[Modules] Distribution: remote
[Modules] Host updates: enabled
[Modules] Module updates: enabled
[Modules] Module install path: /home/black/.config/discord/0.0.5/modules
[Modules] Module installed file path: /home/black/.config/discord/0.0.5/modules/installed.json
[Modules] Module download path: /home/black/.config/discord/0.0.5/modules/pending
[Modules] Bootstrapping...
[Modules] Installing discord_desktop_core@1 from /usr/share/discord/resources/bootstrap/discord_desktop_core.zip
[Modules] Installing discord_erlpack@1 from /usr/share/discord/resources/bootstrap/discord_erlpack.zip
[Modules] Installing discord_game_utils@1 from /usr/share/discord/resources/bootstrap/discord_game_utils.zip
[Modules] Installing discord_rpc@1 from /usr/share/discord/resources/bootstrap/discord_rpc.zip
[Modules] Installing discord_spellcheck@1 from /usr/share/discord/resources/bootstrap/discord_spellcheck.zip
[Modules] Installing discord_utils@1 from /usr/share/discord/resources/bootstrap/discord_utils.zip
[Modules] Installing discord_voice@1 from /usr/share/discord/resources/bootstrap/discord_voice.zip
[Modules] Finished module installations. [success: 7] [failure: 0]
[Modules] Checking for host updates.
[Modules] Host is up to date.
[Modules] Checking for module updates at https://discordapp.com/api/modules/stable/versions.json
[Modules] Module update available: discord_desktop_core@3 [installed: 1]
[Modules] Module update available: discord_utils@4 [installed: 1]
[Modules] Module update available: discord_voice@11 [installed: 1]
[Modules] Fetching discord_desktop_core@3 from https://discordapp.com/api/modules/stable/discord_desktop_core/3
[Modules] Streaming discord_desktop_core@3 [1677128 bytes] to /home/black/.config/discord/0.0.5/modules/pending/discord_desktop_core-3.zip
[Modules] Fetching discord_utils@4 from https://discordapp.com/api/modules/stable/discord_utils/4
[Modules] Streaming discord_utils@4 [1055175 bytes] to /home/black/.config/discord/0.0.5/modules/pending/discord_utils-4.zip
[Modules] Fetching discord_voice@11 from https://discordapp.com/api/modules/stable/discord_voice/11
[Modules] Streaming discord_voice@11 [7602163 bytes] to /home/black/.config/discord/0.0.5/modules/pending/discord_voice-11.zip
[Modules] Finished module downloads. [success: 3] [failure: 0]
[Modules] Relaunching to install module updates...
[Modules] Modules initializing
[Modules] Distribution: remote
[Modules] Host updates: enabled
[Modules] Module updates: enabled
[Modules] Module install path: /home/black/.config/discord/0.0.5/modules
[Modules] Module installed file path: /home/black/.config/discord/0.0.5/modules/installed.json
[Modules] Module download path: /home/black/.config/discord/0.0.5/modules/pending
[Modules] Installing updates...
[Modules] Installing discord_desktop_core@3 from /home/black/.config/discord/0.0.5/modules/pending/discord_desktop_core-3.zip
[Modules] Installing discord_utils@4 from /home/black/.config/discord/0.0.5/modules/pending/discord_utils-4.zip
[Modules] Installing discord_voice@11 from /home/black/.config/discord/0.0.5/modules/pending/discord_voice-11.zip
[Modules] Finished module installations. [success: 3] [failure: 0]
[Modules] Checking for host updates.
[Modules] Host is up to date.
[Modules] Checking for module updates at https://discordapp.com/api/modules/stable/versions.json
[Modules] No module updates available.
[Modules] Starting to install discord_cloudsync...
[Modules] Fetching discord_cloudsync@0 from https://discordapp.com/api/modules/stable/discord_cloudsync/0
[Modules] Streaming discord_cloudsync@0 [255 bytes] to /home/black/.config/discord/0.0.5/modules/pending/discord_cloudsync-0.zip
[Modules] Finished module downloads. [success: 0] [failure: 1]
[Modules] Checking for host updates.
[Modules] Host is up to date.
[Modules] Checking for module updates at https://discordapp.com/api/modules/stable/versions.json
[Modules] No module updates available.
[Modules] Checking for host updates.
[Modules] Host is up to date.
[Modules] Checking for module updates at https://discordapp.com/api/modules/stable/versions.json
[Modules] No module updates available.
[Modules] Checking for host updates.
[Modules] Host is up to date.
[Modules] Checking for module updates at https://discordapp.com/api/modules/stable/versions.json
[Modules] No module updates available.
[Modules] Checking for host updates.
[Modules] Host is up to date.
[Modules] Checking for module updates at https://discordapp.com/api/modules/stable/versions.json
[Modules] No module updates available.
[Modules] Checking for host updates.
[Modules] Host is up to date.
[Modules] Checking for module updates at https://discordapp.com/api/modules/stable/versions.json
[Modules] No module updates available.
[Modules] Checking for host updates.
[Modules] Host is up to date.
[Modules] Checking for module updates at https://discordapp.com/api/modules/stable/versions.json
[Modules] No module updates available.
[Modules] Modules initializing
[Modules] Distribution: remote
[Modules] Host updates: enabled
[Modules] Module updates: enabled
[Modules] Module install path: /home/black/.config/discord/0.0.5/modules
[Modules] Module installed file path: /home/black/.config/discord/0.0.5/modules/installed.json
[Modules] Module download path: /home/black/.config/discord/0.0.5/modules/pending
[Modules] No updates to install
[Modules] Checking for host updates.
[Modules] Host is up to date.
[Modules] Checking for module updates at https://discordapp.com/api/modules/stable/versions.json
[Modules] Module update available: discord_voice@12 [installed: 11]
[Modules] Fetching discord_voice@12 from https://discordapp.com/api/modules/stable/discord_voice/12
[Modules] Streaming discord_voice@12 [7624847 bytes] to /home/black/.config/discord/0.0.5/modules/pending/discord_voice-12.zip
[Modules] Finished module downloads. [success: 1] [failure: 0]
[Modules] Relaunching to install module updates...
[Modules] Modules initializing
[Modules] Distribution: remote
[Modules] Host updates: enabled
[Modules] Module updates: enabled
[Modules] Module install path: /home/black/.config/discord/0.0.5/modules
[Modules] Module installed file path: /home/black/.config/discord/0.0.5/modules/installed.json
[Modules] Module download path: /home/black/.config/discord/0.0.5/modules/pending
[Modules] Installing updates...
[Modules] Installing discord_voice@12 from /home/black/.config/discord/0.0.5/modules/pending/discord_voice-12.zip
[Modules] Finished module installations. [success: 1] [failure: 0]
[Modules] Checking for host updates.
[Modules] Host is up to date.
[Modules] Checking for module updates at https://discordapp.com/api/modules/stable/versions.json
[Modules] No module updates available.
[Modules] Starting to install discord_cloudsync...
[Modules] Fetching discord_cloudsync@0 from https://discordapp.com/api/modules/stable/discord_cloudsync/0
[Modules] Streaming discord_cloudsync@0 [255 bytes] to /home/black/.config/discord/0.0.5/modules/pending/discord_cloudsync-0.zip
[Modules] Finished module downloads. [success: 0] [failure: 1]
[Modules] Checking for host updates.
[Modules] Host is up to date.
[Modules] Checking for module updates at https://discordapp.com/api/modules/stable/versions.json
[Modules] No module updates available.
[Modules] Checking for host updates.
[Modules] Host is up to date.
[Modules] Checking for module updates at https://discordapp.com/api/modules/stable/versions.json
[Modules] No module updates available.
[Modules] Checking for host updates.
[Modules] Host is up to date.
[Modules] Checking for module updates at https://discordapp.com/api/modules/stable/versions.json
[Modules] No module updates available.
[Modules] Checking for host updates.
[Modules] Host is up to date.
[Modules] Checking for module updates at https://discordapp.com/api/modules/stable/versions.json
[Modules] No module updates available.
[Modules] Checking for host updates.
[Modules] Host is up to date.
[Modules] Checking for module updates at https://discordapp.com/api/modules/stable/versions.json
[Modules] No module updates available.
