[2019-02-16 00:31:09.732] [sharedprocess] [info] main {"machineId":"7152c86e346802aad0d599f04511b6651ad4146f7781d5fb6218156d357464a8"}
[2019-02-16 00:31:10.071] [sharedprocess] [info] Scanned user extensions: 7
[2019-02-16 00:31:10.141] [sharedprocess] [info] Scanned user extensions: 7
[2019-02-16 00:31:10.144] [sharedprocess] [info] Scanned user extensions: 7
[2019-02-16 00:31:10.153] [sharedprocess] [info] Scanned user extensions: 7
[2019-02-16 00:31:10.265] [sharedprocess] [info] Deleted from disk dracula-theme.theme-dracula-2.15.0
[2019-02-16 00:31:10.405] [sharedprocess] [info] Scanned system extensions: 71
[2019-02-16 00:31:10.405] [sharedprocess] [info] Scanned system extensions: 71
[2019-02-16 00:31:10.413] [sharedprocess] [info] Scanned system extensions: 71
[2019-02-16 00:31:49.736] [sharedprocess] [info] Starting to clean up unused language packs.
[2019-02-16 00:36:10.179] [sharedprocess] [info] Scanned user extensions: 7
[2019-02-16 00:41:10.204] [sharedprocess] [info] Scanned user extensions: 7
[2019-02-16 00:46:10.225] [sharedprocess] [info] Scanned user extensions: 7
[2019-02-16 00:51:10.245] [sharedprocess] [info] Scanned user extensions: 7
[2019-02-16 00:56:10.271] [sharedprocess] [info] Scanned user extensions: 7
[2019-02-16 01:01:10.299] [sharedprocess] [info] Scanned user extensions: 7
[2019-02-16 01:06:10.318] [sharedprocess] [info] Scanned user extensions: 7
[2019-02-16 01:11:10.341] [sharedprocess] [info] Scanned user extensions: 7
[2019-02-16 11:52:20.375] [sharedprocess] [info] Scanned user extensions: 7
[2019-02-16 11:57:20.401] [sharedprocess] [info] Scanned user extensions: 7
[2019-02-16 12:02:20.421] [sharedprocess] [info] Scanned user extensions: 7
[2019-02-16 12:07:20.443] [sharedprocess] [info] Scanned user extensions: 7
[2019-02-16 12:12:20.464] [sharedprocess] [info] Scanned user extensions: 7
[2019-02-16 12:17:20.488] [sharedprocess] [info] Scanned user extensions: 7
[2019-02-16 12:22:20.512] [sharedprocess] [info] Scanned user extensions: 7
[2019-02-16 12:27:20.535] [sharedprocess] [info] Scanned user extensions: 7
[2019-02-16 12:32:20.556] [sharedprocess] [info] Scanned user extensions: 7
[2019-02-16 12:37:20.576] [sharedprocess] [info] Scanned user extensions: 7
[2019-02-16 12:42:20.596] [sharedprocess] [info] Scanned user extensions: 7
[2019-02-16 12:47:20.615] [sharedprocess] [info] Scanned user extensions: 7
[2019-02-16 12:52:20.737] [sharedprocess] [info] Scanned user extensions: 7
[2019-02-16 12:57:20.759] [sharedprocess] [info] Scanned user extensions: 7
[2019-02-16 13:02:20.780] [sharedprocess] [info] Scanned user extensions: 7
[2019-02-16 13:07:20.804] [sharedprocess] [info] Scanned user extensions: 7
[2019-02-16 13:12:20.825] [sharedprocess] [info] Scanned user extensions: 7
[2019-02-16 13:17:20.847] [sharedprocess] [info] Scanned user extensions: 7
[2019-02-16 13:22:20.871] [sharedprocess] [info] Scanned user extensions: 7
[2019-02-16 13:27:20.892] [sharedprocess] [info] Scanned user extensions: 7
[2019-02-16 13:32:20.915] [sharedprocess] [info] Scanned user extensions: 7
[2019-02-16 13:37:20.929] [sharedprocess] [info] Scanned user extensions: 7
[2019-02-16 13:42:20.951] [sharedprocess] [info] Scanned user extensions: 7
[2019-02-16 13:47:20.975] [sharedprocess] [info] Scanned user extensions: 7
[2019-02-16 13:52:21.092] [sharedprocess] [info] Scanned user extensions: 7
[2019-02-16 13:57:21.112] [sharedprocess] [info] Scanned user extensions: 7
[2019-02-16 14:02:21.134] [sharedprocess] [info] Scanned user extensions: 7
[2019-02-16 14:07:21.155] [sharedprocess] [info] Scanned user extensions: 7
[2019-02-16 14:12:21.178] [sharedprocess] [info] Scanned user extensions: 7
[2019-02-16 14:17:21.203] [sharedprocess] [info] Scanned user extensions: 7
[2019-02-16 14:22:21.225] [sharedprocess] [info] Scanned user extensions: 7
[2019-02-16 14:27:21.251] [sharedprocess] [info] Scanned user extensions: 7
[2019-02-16 14:32:21.272] [sharedprocess] [info] Scanned user extensions: 7
[2019-02-16 14:37:21.292] [sharedprocess] [info] Scanned user extensions: 7
[2019-02-16 14:42:21.314] [sharedprocess] [info] Scanned user extensions: 7
[2019-02-16 14:47:21.337] [sharedprocess] [info] Scanned user extensions: 7
[2019-02-16 14:52:21.451] [sharedprocess] [info] Scanned user extensions: 7
[2019-02-16 14:57:21.477] [sharedprocess] [info] Scanned user extensions: 7
[2019-02-16 15:02:21.499] [sharedprocess] [info] Scanned user extensions: 7
[2019-02-16 15:07:21.519] [sharedprocess] [info] Scanned user extensions: 7
[2019-02-16 15:12:21.542] [sharedprocess] [info] Scanned user extensions: 7
[2019-02-16 15:17:21.567] [sharedprocess] [info] Scanned user extensions: 7
[2019-02-16 15:22:21.591] [sharedprocess] [info] Scanned user extensions: 7
[2019-02-16 15:27:21.608] [sharedprocess] [info] Scanned user extensions: 7
[2019-02-16 15:32:21.631] [sharedprocess] [info] Scanned user extensions: 7
[2019-02-16 15:37:21.651] [sharedprocess] [info] Scanned user extensions: 7
[2019-02-16 15:42:21.674] [sharedprocess] [info] Scanned user extensions: 7
[2019-02-16 15:47:21.693] [sharedprocess] [info] Scanned user extensions: 7
[2019-02-16 15:52:21.812] [sharedprocess] [info] Scanned user extensions: 7
[2019-02-16 15:57:21.839] [sharedprocess] [info] Scanned user extensions: 7
[2019-02-16 16:02:21.860] [sharedprocess] [info] Scanned user extensions: 7
[2019-02-16 16:07:21.882] [sharedprocess] [info] Scanned user extensions: 7
[2019-02-16 16:12:21.903] [sharedprocess] [info] Scanned user extensions: 7
[2019-02-16 16:17:21.926] [sharedprocess] [info] Scanned user extensions: 7
[2019-02-16 16:22:21.944] [sharedprocess] [info] Scanned user extensions: 7
[2019-02-16 16:27:21.964] [sharedprocess] [info] Scanned user extensions: 7
[2019-02-16 16:32:21.984] [sharedprocess] [info] Scanned user extensions: 7
[2019-02-16 16:37:22.005] [sharedprocess] [info] Scanned user extensions: 7
[2019-02-16 16:42:22.029] [sharedprocess] [info] Scanned user extensions: 7
[2019-02-16 16:47:22.051] [sharedprocess] [info] Scanned user extensions: 7
[2019-02-16 16:52:22.157] [sharedprocess] [info] Scanned user extensions: 7
[2019-02-16 16:57:22.179] [sharedprocess] [info] Scanned user extensions: 7
[2019-02-16 17:02:22.201] [sharedprocess] [info] Scanned user extensions: 7
[2019-02-16 17:07:22.223] [sharedprocess] [info] Scanned user extensions: 7
[2019-02-16 17:12:22.244] [sharedprocess] [info] Scanned user extensions: 7
[2019-02-16 17:17:22.264] [sharedprocess] [info] Scanned user extensions: 7
[2019-02-16 17:22:22.288] [sharedprocess] [info] Scanned user extensions: 7
[2019-02-16 17:27:22.311] [sharedprocess] [info] Scanned user extensions: 7
[2019-02-16 17:32:22.333] [sharedprocess] [info] Scanned user extensions: 7
[2019-02-16 17:37:22.355] [sharedprocess] [info] Scanned user extensions: 7
[2019-02-16 17:42:22.378] [sharedprocess] [info] Scanned user extensions: 7
[2019-02-16 17:47:22.399] [sharedprocess] [info] Scanned user extensions: 7
[2019-02-16 17:52:22.634] [sharedprocess] [info] Scanned user extensions: 7
[2019-02-16 17:57:22.650] [sharedprocess] [info] Scanned user extensions: 7
[2019-02-16 18:02:22.671] [sharedprocess] [info] Scanned user extensions: 7
