[2019-02-10 12:25:55.248] [sharedprocess] [info] main {"machineId":"7152c86e346802aad0d599f04511b6651ad4146f7781d5fb6218156d357464a8"}
[2019-02-10 12:25:55.539] [sharedprocess] [info] Scanned user extensions: 7
[2019-02-10 12:25:55.591] [sharedprocess] [info] Scanned user extensions: 7
[2019-02-10 12:25:55.595] [sharedprocess] [info] Scanned user extensions: 7
[2019-02-10 12:25:55.599] [sharedprocess] [info] Scanned user extensions: 7
[2019-02-10 12:25:56.054] [sharedprocess] [info] Scanned system extensions: 71
[2019-02-10 12:25:56.058] [sharedprocess] [info] Scanned system extensions: 71
[2019-02-10 12:25:56.059] [sharedprocess] [info] Scanned system extensions: 71
[2019-02-10 12:25:57.294] [sharedprocess] [info] Installing extension: theme-dracula
[2019-02-10 12:25:57.303] [sharedprocess] [info] Scanned user extensions: 7
[2019-02-10 12:25:57.514] [sharedprocess] [info] Downloaded extension: theme-dracula /tmp/12ec340a-c58c-4c74-ab65-ecbb3d675cd3
[2019-02-10 12:25:57.540] [sharedprocess] [info] Extracted extension to /home/black/.vscode/extensions/.dracula-theme.theme-dracula-2.16.0: dracula-theme.theme-dracula-2.16.0
[2019-02-10 12:25:57.540] [sharedprocess] [info] Renamed to /home/black/.vscode/extensions/dracula-theme.theme-dracula-2.16.0
[2019-02-10 12:25:57.541] [sharedprocess] [info] Installation completed. dracula-theme.theme-dracula-2.16.0
[2019-02-10 12:25:58.473] [sharedprocess] [info] Extensions installed successfully: dracula-theme.theme-dracula
[2019-02-10 12:26:35.251] [sharedprocess] [info] Starting to clean up unused language packs.
[2019-02-10 12:30:55.632] [sharedprocess] [info] Scanned user extensions: 7
[2019-02-10 12:35:55.652] [sharedprocess] [info] Scanned user extensions: 7
[2019-02-10 12:40:55.674] [sharedprocess] [info] Scanned user extensions: 7
[2019-02-10 12:45:55.697] [sharedprocess] [info] Scanned user extensions: 7
[2019-02-10 12:50:55.718] [sharedprocess] [info] Scanned user extensions: 7
[2019-02-10 12:55:55.742] [sharedprocess] [info] Scanned user extensions: 7
[2019-02-10 13:00:55.765] [sharedprocess] [info] Scanned user extensions: 7
[2019-02-10 13:05:55.789] [sharedprocess] [info] Scanned user extensions: 7
[2019-02-10 13:10:55.809] [sharedprocess] [info] Scanned user extensions: 7
[2019-02-10 13:15:55.832] [sharedprocess] [info] Scanned user extensions: 7
[2019-02-10 13:20:55.856] [sharedprocess] [info] Scanned user extensions: 7
[2019-02-10 13:25:55.976] [sharedprocess] [info] Scanned user extensions: 7
[2019-02-10 13:30:55.997] [sharedprocess] [info] Scanned user extensions: 7
[2019-02-10 19:34:45.795] [sharedprocess] [info] Scanned user extensions: 7
[2019-02-10 19:39:45.815] [sharedprocess] [info] Scanned user extensions: 7
[2019-02-10 19:44:45.835] [sharedprocess] [info] Scanned user extensions: 7
[2019-02-10 19:49:45.852] [sharedprocess] [info] Scanned user extensions: 7
[2019-02-10 19:54:45.872] [sharedprocess] [info] Scanned user extensions: 7
[2019-02-10 19:59:45.893] [sharedprocess] [info] Scanned user extensions: 7
[2019-02-10 20:04:45.913] [sharedprocess] [info] Scanned user extensions: 7
[2019-02-10 20:09:46.428] [sharedprocess] [info] Scanned user extensions: 7
[2019-02-10 20:14:46.446] [sharedprocess] [info] Scanned user extensions: 7
[2019-02-10 20:19:46.469] [sharedprocess] [info] Scanned user extensions: 7
[2019-02-10 20:24:46.491] [sharedprocess] [info] Scanned user extensions: 7
[2019-02-10 20:29:46.515] [sharedprocess] [info] Scanned user extensions: 7
[2019-02-10 20:34:46.625] [sharedprocess] [info] Scanned user extensions: 7
[2019-02-10 20:39:46.642] [sharedprocess] [info] Scanned user extensions: 7
[2019-02-10 20:44:46.665] [sharedprocess] [info] Scanned user extensions: 7
[2019-02-10 20:49:46.689] [sharedprocess] [info] Scanned user extensions: 7
[2019-02-10 20:54:46.718] [sharedprocess] [info] Scanned user extensions: 7
[2019-02-10 20:59:46.742] [sharedprocess] [info] Scanned user extensions: 7
[2019-02-10 21:04:46.766] [sharedprocess] [info] Scanned user extensions: 7
[2019-02-10 21:09:46.788] [sharedprocess] [info] Scanned user extensions: 7
[2019-02-10 21:14:46.809] [sharedprocess] [info] Scanned user extensions: 7
[2019-02-10 21:19:46.828] [sharedprocess] [info] Scanned user extensions: 7
[2019-02-10 21:24:46.847] [sharedprocess] [info] Scanned user extensions: 7
[2019-02-12 21:35:49.568] [sharedprocess] [info] Scanned user extensions: 7
[2019-02-12 21:40:49.590] [sharedprocess] [info] Scanned user extensions: 7
[2019-02-12 21:45:49.610] [sharedprocess] [info] Scanned user extensions: 7
[2019-02-12 21:50:49.628] [sharedprocess] [info] Scanned user extensions: 7
[2019-02-12 21:55:49.648] [sharedprocess] [info] Scanned user extensions: 7
[2019-02-12 22:00:49.664] [sharedprocess] [info] Scanned user extensions: 7
[2019-02-12 22:05:45.728] [sharedprocess] [info] Scanned user extensions: 7
[2019-02-12 22:10:45.750] [sharedprocess] [info] Scanned user extensions: 7
[2019-02-12 22:15:45.771] [sharedprocess] [info] Scanned user extensions: 7
[2019-02-13 19:35:14.612] [sharedprocess] [info] Scanned user extensions: 7
[2019-02-13 19:40:14.633] [sharedprocess] [info] Scanned user extensions: 7
[2019-02-13 19:45:13.727] [sharedprocess] [info] Scanned user extensions: 7
[2019-02-13 19:50:13.749] [sharedprocess] [info] Scanned user extensions: 7
[2019-02-13 19:55:13.773] [sharedprocess] [info] Scanned user extensions: 7
[2019-02-13 20:00:13.794] [sharedprocess] [info] Scanned user extensions: 7
[2019-02-13 20:05:13.818] [sharedprocess] [info] Scanned user extensions: 7
[2019-02-13 20:10:13.845] [sharedprocess] [info] Scanned user extensions: 7
[2019-02-13 20:15:13.869] [sharedprocess] [info] Scanned user extensions: 7
[2019-02-13 20:20:13.892] [sharedprocess] [info] Scanned user extensions: 7
[2019-02-13 20:25:13.914] [sharedprocess] [info] Scanned user extensions: 7
[2019-02-13 20:30:13.938] [sharedprocess] [info] Scanned user extensions: 7
[2019-02-13 20:35:14.068] [sharedprocess] [info] Scanned user extensions: 7
