[2019-01-19 11:09:32.570] [sharedprocess] [info] main {"machineId":"7152c86e346802aad0d599f04511b6651ad4146f7781d5fb6218156d357464a8"}
[2019-01-19 11:09:32.821] [sharedprocess] [info] Scanned user extensions: 6
[2019-01-19 11:09:32.825] [sharedprocess] [info] Scanned user extensions: 6
[2019-01-19 11:09:32.851] [sharedprocess] [info] Scanned user extensions: 6
[2019-01-19 11:09:32.997] [sharedprocess] [info] Scanned system extensions: 71
[2019-01-19 11:09:32.998] [sharedprocess] [info] Scanned system extensions: 71
[2019-01-19 11:10:12.574] [sharedprocess] [info] Starting to clean up unused language packs.
[2019-01-19 11:13:03.192] [sharedprocess] [info] Scanned user extensions: 6
[2019-01-19 11:13:03.198] [sharedprocess] [info] Scanned user extensions: 6
[2019-01-19 11:13:03.205] [sharedprocess] [info] Scanned user extensions: 6
[2019-01-19 11:13:03.214] [sharedprocess] [info] Scanned user extensions: 6
[2019-01-19 11:13:03.254] [sharedprocess] [info] Scanned system extensions: 71
[2019-01-19 11:13:03.259] [sharedprocess] [info] Scanned system extensions: 71
[2019-01-19 11:13:03.262] [sharedprocess] [info] Scanned system extensions: 71
[2019-01-19 11:13:10.273] [sharedprocess] [info] Installing extension: nord-visual-studio-code
[2019-01-19 11:13:10.288] [sharedprocess] [info] Scanned user extensions: 6
[2019-01-19 11:13:10.419] [sharedprocess] [info] Downloaded extension: nord-visual-studio-code /tmp/a2f33175-6241-4bf9-b0fd-5745cdb73685
[2019-01-19 11:13:10.433] [sharedprocess] [info] Extracted extension to /home/black/.vscode/extensions/.arcticicestudio.nord-visual-studio-code-0.6.0: arcticicestudio.nord-visual-studio-code-0.6.0
[2019-01-19 11:13:10.434] [sharedprocess] [info] Renamed to /home/black/.vscode/extensions/arcticicestudio.nord-visual-studio-code-0.6.0
[2019-01-19 11:13:10.434] [sharedprocess] [info] Installation completed. arcticicestudio.nord-visual-studio-code-0.6.0
[2019-01-19 11:13:10.474] [sharedprocess] [info] Extensions installed successfully: arcticicestudio.nord-visual-studio-code
[2019-01-19 11:13:10.598] [sharedprocess] [info] Scanned user extensions: 7
[2019-01-19 11:13:10.622] [sharedprocess] [info] Scanned system extensions: 71
[2019-01-19 11:13:17.782] [sharedprocess] [info] Scanned user extensions: 7
[2019-01-19 11:13:17.787] [sharedprocess] [info] Scanned user extensions: 7
[2019-01-19 11:13:17.793] [sharedprocess] [info] Scanned user extensions: 7
[2019-01-19 11:13:17.809] [sharedprocess] [info] Scanned user extensions: 7
[2019-01-19 11:13:17.810] [sharedprocess] [info] Scanned user extensions: 7
[2019-01-19 11:13:17.869] [sharedprocess] [info] Scanned system extensions: 71
[2019-01-19 11:13:17.874] [sharedprocess] [info] Scanned system extensions: 71
[2019-01-19 11:13:17.878] [sharedprocess] [info] Scanned system extensions: 71
[2019-01-19 11:13:17.881] [sharedprocess] [info] Scanned system extensions: 71
[2019-01-19 11:13:17.960] [sharedprocess] [info] Scanned user extensions: 7
